Using pre-set license
Built from '2020.3/staging' branch; Version is '2020.3.11f1 (99c7afb366b3) revision 10078127'; Using compiler version '192528614'; Build Type 'Release'
OS: 'Windows 10 Home Single Language; OS build 19042.1052; Version 2009; 64bit' Language: 'en' Physical Memory: 16230 MB
BatchMode: 1, IsHumanControllingUs: 0, StartBugReporterOnCrash: 0, Is64bit: 1, IsPro: 0

 COMMAND LINE ARGUMENTS:
C:\Program Files\Unity\Hub\Editor\2020.3.11f1\Editor\Unity.exe
-adb2
-batchMode
-noUpm
-name
AssetImportWorker0
-projectPath
D:/Rachit Github/FPS_Shooter
-logFile
Logs/AssetImportWorker0.log
-srvPort
62108
Successfully changed project path to: D:/Rachit Github/FPS_Shooter
D:/Rachit Github/FPS_Shooter
Using Asset Import Pipeline V2.
Refreshing native plugins compatible for Editor in 33.54 ms, found 2 plugins.
Preloading 0 native plugins for Editor in 0.00 ms.
Initialize engine version: 2020.3.11f1 (99c7afb366b3)
[Subsystems] Discovering subsystems at path C:/Program Files/Unity/Hub/Editor/2020.3.11f1/Editor/Data/Resources/UnitySubsystems
[Subsystems] Discovering subsystems at path D:/Rachit Github/FPS_Shooter/Assets
GfxDevice: creating device client; threaded=0
Direct3D:
    Version:  Direct3D 11.0 [level 11.1]
    Renderer: NVIDIA GeForce GTX 1060 (ID=0x1c20)
    Vendor:   
    VRAM:     6052 MB
    Driver:   27.21.14.6647
Shader 'WFX/Transparent Specular': fallback shader 'Particles/Alpha Blended' not found
Shader 'WFX/Transparent Diffuse': fallback shader 'Particles/Alpha Blended' not found
Initialize mono
Mono path[0] = 'C:/Program Files/Unity/Hub/Editor/2020.3.11f1/Editor/Data/Managed'
Mono path[1] = 'C:/Program Files/Unity/Hub/Editor/2020.3.11f1/Editor/Data/MonoBleedingEdge/lib/mono/unityjit'
Mono config path = 'C:/Program Files/Unity/Hub/Editor/2020.3.11f1/Editor/Data/MonoBleedingEdge/etc'
Using monoOptions --debugger-agent=transport=dt_socket,embedding=1,server=y,suspend=n,address=127.0.0.1:56948
Begin MonoManager ReloadAssembly
Registering precompiled unity dll's ...
Register platform support module: C:/Program Files/Unity/Hub/Editor/2020.3.11f1/Editor/Data/PlaybackEngines/WindowsStandaloneSupport/UnityEditor.WindowsStandalone.Extensions.dll
Registered in 0.001889 seconds.
Native extension for WindowsStandalone target not found
Refreshing native plugins compatible for Editor in 33.14 ms, found 2 plugins.
Preloading 0 native plugins for Editor in 0.00 ms.
Mono: successfully reloaded assembly
- Completed reload, in  1.096 seconds
Platform modules already initialized, skipping
Registering precompiled user dll's ...
Registered in 0.002597 seconds.
Begin MonoManager ReloadAssembly
Native extension for WindowsStandalone target not found
Refreshing native plugins compatible for Editor in 0.34 ms, found 2 plugins.
Preloading 0 native plugins for Editor in 0.00 ms.
Mono: successfully reloaded assembly
- Completed reload, in  0.912 seconds
Platform modules already initialized, skipping
========================================================================
Worker process is ready to serve import requests
Shader 'WFX/Transparent Diffuse': fallback shader 'Particles/Alpha Blended' not found
Shader 'WFX/Transparent Specular': fallback shader 'Particles/Alpha Blended' not found
Launched and connected shader compiler UnityShaderCompiler.exe after 0.04 seconds
Refreshing native plugins compatible for Editor in 0.35 ms, found 2 plugins.
Preloading 0 native plugins for Editor in 0.00 ms.
Unloading 1439 Unused Serialized files (Serialized files now loaded: 0)
System memory in use before: 71.0 MB.
System memory in use after: 71.0 MB.

Unloading 19 unused Assets to reduce memory usage. Loaded Objects now: 1874.
Total: 1.698500 ms (FindLiveObjects: 0.117000 ms CreateObjectMapping: 0.036100 ms MarkObjects: 1.474000 ms  DeleteObjects: 0.070400 ms)

========================================================================
Received Import Request.
  path: Assets/scripts/Scenenav.cs
  artifactKey: Guid(f0d4666087fafb642bc839e4aac8cd23) Importer(815301076,1909f56bfc062723c751e8b465ee728b)
Start importing Assets/scripts/Scenenav.cs using Guid(f0d4666087fafb642bc839e4aac8cd23) Importer(815301076,1909f56bfc062723c751e8b465ee728b)  -> (artifact id: 'ab9a0a554b4a981e81516fe6f14d4a5b') in 0.030365 seconds
  Import took 0.032878 seconds .

========================================================================
Received Import Request.
  Time since last request: 62.392231 seconds.
  path: Assets/Scenes/StartMenu.unity
  artifactKey: Guid(f31419f64480fd04da8ba7ef3163f6e0) Importer(815301076,1909f56bfc062723c751e8b465ee728b)
Start importing Assets/Scenes/StartMenu.unity using Guid(f31419f64480fd04da8ba7ef3163f6e0) Importer(815301076,1909f56bfc062723c751e8b465ee728b)  -> (artifact id: '43618f04fda267ead374f04f970370ff') in 0.012532 seconds
  Import took 0.015041 seconds .

========================================================================
Received Import Request.
  Time since last request: 59.807434 seconds.
  path: Assets/Scenes/SampleScene/LightingData.asset
  artifactKey: Guid(31a2d47d20bb4d147b7167c342595f39) Importer(815301076,1909f56bfc062723c751e8b465ee728b)
Start importing Assets/Scenes/SampleScene/LightingData.asset using Guid(31a2d47d20bb4d147b7167c342595f39) Importer(815301076,1909f56bfc062723c751e8b465ee728b)  -> (artifact id: 'd7ff83016da04f20a87caab7806dd24b') in 0.009879 seconds
  Import took 0.012052 seconds .

========================================================================
Received Import Request.
  Time since last request: 0.000245 seconds.
  path: Assets/Scenes/SampleScene/Lightmap-4_comp_light.exr
  artifactKey: Guid(6fd82101120db284a8a338eccfb69148) Importer(815301076,1909f56bfc062723c751e8b465ee728b)
Start importing Assets/Scenes/SampleScene/Lightmap-4_comp_light.exr using Guid(6fd82101120db284a8a338eccfb69148) Importer(815301076,1909f56bfc062723c751e8b465ee728b)  -> (artifact id: '810cdcc8d4fce742b6da0d9d20d8a090') in 0.083356 seconds
  Import took 0.085675 seconds .

========================================================================
Received Import Request.
  Time since last request: 0.000295 seconds.
  path: Assets/Scenes/SampleScene/Lightmap-5_comp_shadowmask.png
  artifactKey: Guid(ab7c4f9f0113c3145a01f4ba96044e6a) Importer(815301076,1909f56bfc062723c751e8b465ee728b)
Start importing Assets/Scenes/SampleScene/Lightmap-5_comp_shadowmask.png using Guid(ab7c4f9f0113c3145a01f4ba96044e6a) Importer(815301076,1909f56bfc062723c751e8b465ee728b)  -> (artifact id: 'db5adec75767196d75a4223db35c1a35') in 0.027919 seconds
  Import took 0.031252 seconds .

========================================================================
Received Import Request.
  Time since last request: 0.000328 seconds.
  path: Assets/Scenes/SampleScene/Lightmap-2_comp_light.exr
  artifactKey: Guid(2b4e9d448d73e47489d63bccf10a558d) Importer(815301076,1909f56bfc062723c751e8b465ee728b)
Start importing Assets/Scenes/SampleScene/Lightmap-2_comp_light.exr using Guid(2b4e9d448d73e47489d63bccf10a558d) Importer(815301076,1909f56bfc062723c751e8b465ee728b)  -> (artifact id: '591561a5033c49925272bfd625a912ec') in 0.013884 seconds
  Import took 0.016858 seconds .

========================================================================
Received Import Request.
  Time since last request: 0.000270 seconds.
  path: Assets/Scenes/SampleScene/Lightmap-2_comp_dir.png
  artifactKey: Guid(daa8f279cb1abf943a606b88205ef9ca) Importer(815301076,1909f56bfc062723c751e8b465ee728b)
Start importing Assets/Scenes/SampleScene/Lightmap-2_comp_dir.png using Guid(daa8f279cb1abf943a606b88205ef9ca) Importer(815301076,1909f56bfc062723c751e8b465ee728b)  -> (artifact id: 'ec5221a45ff9a2fec3cbf96c00e6c891') in 0.012377 seconds
  Import took 0.015586 seconds .

========================================================================
Received Import Request.
  Time since last request: 0.000298 seconds.
  path: Assets/Scenes/SampleScene/Lightmap-5_comp_light.exr
  artifactKey: Guid(acdceb153ca20df46907bb4ec231af51) Importer(815301076,1909f56bfc062723c751e8b465ee728b)
Start importing Assets/Scenes/SampleScene/Lightmap-5_comp_light.exr using Guid(acdceb153ca20df46907bb4ec231af51) Importer(815301076,1909f56bfc062723c751e8b465ee728b)  -> (artifact id: '32c4e774c2da7f0a554a1984b76ce404') in 0.013098 seconds
  Import took 0.016478 seconds .

========================================================================
Received Import Request.
  Time since last request: 0.000298 seconds.
  path: Assets/Scenes/SampleScene/Lightmap-3_comp_light.exr
  artifactKey: Guid(2f09e364f15fed04cb5fc574329267be) Importer(815301076,1909f56bfc062723c751e8b465ee728b)
Start importing Assets/Scenes/SampleScene/Lightmap-3_comp_light.exr using Guid(2f09e364f15fed04cb5fc574329267be) Importer(815301076,1909f56bfc062723c751e8b465ee728b)  -> (artifact id: 'c325f4426b1059491dbb9ef16c94711f') in 0.013887 seconds
  Import took 0.016495 seconds .

========================================================================
Received Import Request.
  Time since last request: 0.000378 seconds.
  path: Assets/Scenes/SampleScene/Lightmap-14_comp_shadowmask.png
  artifactKey: Guid(c14ccf03f5d0c6c46907b5294c21a953) Importer(815301076,1909f56bfc062723c751e8b465ee728b)
Start importing Assets/Scenes/SampleScene/Lightmap-14_comp_shadowmask.png using Guid(c14ccf03f5d0c6c46907b5294c21a953) Importer(815301076,1909f56bfc062723c751e8b465ee728b)  -> (artifact id: '0471f6147e0c9783ddf5d5ed692e08ad') in 0.013483 seconds
  Import took 0.016429 seconds .

========================================================================
Received Import Request.
  Time since last request: 0.000248 seconds.
  path: Assets/Scenes/SampleScene/Lightmap-10_comp_light.exr
  artifactKey: Guid(4154a3bfce88bbf488563d2cd503fd39) Importer(815301076,1909f56bfc062723c751e8b465ee728b)
Start importing Assets/Scenes/SampleScene/Lightmap-10_comp_light.exr using Guid(4154a3bfce88bbf488563d2cd503fd39) Importer(815301076,1909f56bfc062723c751e8b465ee728b)  -> (artifact id: '63c657925dce28c08f98c62a30970925') in 0.019061 seconds
  Import took 0.021339 seconds .

========================================================================
Received Import Request.
  Time since last request: 0.000391 seconds.
  path: Assets/Scenes/SampleScene/Lightmap-15_comp_light.exr
  artifactKey: Guid(fba013a758bcf9b42803d34340bbe01d) Importer(815301076,1909f56bfc062723c751e8b465ee728b)
Start importing Assets/Scenes/SampleScene/Lightmap-15_comp_light.exr using Guid(fba013a758bcf9b42803d34340bbe01d) Importer(815301076,1909f56bfc062723c751e8b465ee728b)  -> (artifact id: '547d75194686abef2bf44286a6f14b01') in 0.013192 seconds
  Import took 0.016788 seconds .

========================================================================
Received Import Request.
  Time since last request: 0.000732 seconds.
  path: Assets/Scenes/SampleScene/Lightmap-9_comp_dir.png
  artifactKey: Guid(6cf5ae08498befa48b5200ffb76a856b) Importer(815301076,1909f56bfc062723c751e8b465ee728b)
Start importing Assets/Scenes/SampleScene/Lightmap-9_comp_dir.png using Guid(6cf5ae08498befa48b5200ffb76a856b) Importer(815301076,1909f56bfc062723c751e8b465ee728b)  -> (artifact id: 'b636a37188048091c94337c7a7d91c63') in 0.012780 seconds
  Import took 0.016496 seconds .

========================================================================
Received Import Request.
  Time since last request: 0.000510 seconds.
  path: Assets/Scenes/SampleScene/Lightmap-11_comp_light.exr
  artifactKey: Guid(f6735e5659621954ca44f10f85ffd291) Importer(815301076,1909f56bfc062723c751e8b465ee728b)
Start importing Assets/Scenes/SampleScene/Lightmap-11_comp_light.exr using Guid(f6735e5659621954ca44f10f85ffd291) Importer(815301076,1909f56bfc062723c751e8b465ee728b)  -> (artifact id: '65d4d0c5568aae8f14f36eebf486b13b') in 0.012993 seconds
  Import took 0.016644 seconds .

========================================================================
Received Import Request.
  Time since last request: 0.000277 seconds.
  path: Assets/Scenes/SampleScene/Lightmap-13_comp_dir.png
  artifactKey: Guid(b2bc011867b4f654c9dc09ef40b92bd6) Importer(815301076,1909f56bfc062723c751e8b465ee728b)
Start importing Assets/Scenes/SampleScene/Lightmap-13_comp_dir.png using Guid(b2bc011867b4f654c9dc09ef40b92bd6) Importer(815301076,1909f56bfc062723c751e8b465ee728b)  -> (artifact id: '6b2993a7046bfd02f9cd15b63f04be1d') in 0.014909 seconds
  Import took 0.017901 seconds .

========================================================================
Received Import Request.
  Time since last request: 0.000307 seconds.
  path: Assets/Scenes/SampleScene/Lightmap-3_comp_shadowmask.png
  artifactKey: Guid(d9517600d0de1564f9cf055435e0c603) Importer(815301076,1909f56bfc062723c751e8b465ee728b)
Start importing Assets/Scenes/SampleScene/Lightmap-3_comp_shadowmask.png using Guid(d9517600d0de1564f9cf055435e0c603) Importer(815301076,1909f56bfc062723c751e8b465ee728b)  -> (artifact id: '5f9f7d487668e8e252622b4e718d1328') in 0.012047 seconds
  Import took 0.014784 seconds .

========================================================================
Received Import Request.
  Time since last request: 0.000213 seconds.
  path: Assets/Scenes/SampleScene/Lightmap-4_comp_shadowmask.png
  artifactKey: Guid(757997478c7d9674181d5e07cf041820) Importer(815301076,1909f56bfc062723c751e8b465ee728b)
Start importing Assets/Scenes/SampleScene/Lightmap-4_comp_shadowmask.png using Guid(757997478c7d9674181d5e07cf041820) Importer(815301076,1909f56bfc062723c751e8b465ee728b)  -> (artifact id: 'ab393919f85cccaab5dcf49f0104002e') in 0.014838 seconds
  Import took 0.017237 seconds .

========================================================================
Received Import Request.
  Time since last request: 0.000412 seconds.
  path: Assets/Scenes/SampleScene/Lightmap-14_comp_light.exr
  artifactKey: Guid(b8379a878712a18409e2a620378a9e41) Importer(815301076,1909f56bfc062723c751e8b465ee728b)
Start importing Assets/Scenes/SampleScene/Lightmap-14_comp_light.exr using Guid(b8379a878712a18409e2a620378a9e41) Importer(815301076,1909f56bfc062723c751e8b465ee728b)  -> (artifact id: '79dfb72fc6111e90a2095d46fff76835') in 0.011477 seconds
  Import took 0.014647 seconds .

========================================================================
Received Import Request.
  Time since last request: 0.000309 seconds.
  path: Assets/Scenes/SampleScene/Lightmap-0_comp_light.exr
  artifactKey: Guid(56d550ce1511667448f34a61f23dc6d3) Importer(815301076,1909f56bfc062723c751e8b465ee728b)
Start importing Assets/Scenes/SampleScene/Lightmap-0_comp_light.exr using Guid(56d550ce1511667448f34a61f23dc6d3) Importer(815301076,1909f56bfc062723c751e8b465ee728b)  -> (artifact id: '479b69436676a62966104af42a2d24e7') in 0.011654 seconds
  Import took 0.014137 seconds .

========================================================================
Received Import Request.
  Time since last request: 0.000304 seconds.
  path: Assets/Scenes/SampleScene/Lightmap-4_comp_dir.png
  artifactKey: Guid(156d34bef3a97464a8471578bb1c3fbc) Importer(815301076,1909f56bfc062723c751e8b465ee728b)
Start importing Assets/Scenes/SampleScene/Lightmap-4_comp_dir.png using Guid(156d34bef3a97464a8471578bb1c3fbc) Importer(815301076,1909f56bfc062723c751e8b465ee728b)  -> (artifact id: 'c29d5ada727cd0611cd01a1f951f8cfd') in 0.011487 seconds
  Import took 0.042655 seconds .

========================================================================
Received Import Request.
  Time since last request: 0.000637 seconds.
  path: Assets/Scenes/SampleScene/Lightmap-2_comp_shadowmask.png
  artifactKey: Guid(e95bd1c13f43d9f4f8e456b023663d01) Importer(815301076,1909f56bfc062723c751e8b465ee728b)
Start importing Assets/Scenes/SampleScene/Lightmap-2_comp_shadowmask.png using Guid(e95bd1c13f43d9f4f8e456b023663d01) Importer(815301076,1909f56bfc062723c751e8b465ee728b)  -> (artifact id: 'fe175bb944a1db29d472e966895da291') in 0.011850 seconds
  Import took 0.014694 seconds .

========================================================================
Received Import Request.
  Time since last request: 0.000215 seconds.
  path: Assets/Scenes/SampleScene/Lightmap-12_comp_dir.png
  artifactKey: Guid(b39a1091711c95b4b9c63ce85d63a774) Importer(815301076,1909f56bfc062723c751e8b465ee728b)
Start importing Assets/Scenes/SampleScene/Lightmap-12_comp_dir.png using Guid(b39a1091711c95b4b9c63ce85d63a774) Importer(815301076,1909f56bfc062723c751e8b465ee728b)  -> (artifact id: '7a187c3979a0fb260bd153925a340e20') in 0.011389 seconds
  Import took 0.014565 seconds .

========================================================================
Received Import Request.
  Time since last request: 0.000280 seconds.
  path: Assets/Scenes/SampleScene/Lightmap-5_comp_dir.png
  artifactKey: Guid(8b3aa7bd11e04614dbc6a52bfb4a96d6) Importer(815301076,1909f56bfc062723c751e8b465ee728b)
Start importing Assets/Scenes/SampleScene/Lightmap-5_comp_dir.png using Guid(8b3aa7bd11e04614dbc6a52bfb4a96d6) Importer(815301076,1909f56bfc062723c751e8b465ee728b)  -> (artifact id: '6c5931566344386a3dae4349c3c47f96') in 0.011196 seconds
  Import took 0.014257 seconds .

========================================================================
Received Import Request.
  Time since last request: 0.000309 seconds.
  path: Assets/Scenes/SampleScene/Lightmap-0_comp_dir.png
  artifactKey: Guid(2e954565bb087b145990f44d6932c428) Importer(815301076,1909f56bfc062723c751e8b465ee728b)
Start importing Assets/Scenes/SampleScene/Lightmap-0_comp_dir.png using Guid(2e954565bb087b145990f44d6932c428) Importer(815301076,1909f56bfc062723c751e8b465ee728b)  -> (artifact id: '7631362064114e02c03273baec658081') in 0.013660 seconds
  Import took 0.025693 seconds .

========================================================================
Received Import Request.
  Time since last request: 0.000280 seconds.
  path: Assets/Scenes/SampleScene/Lightmap-1_comp_shadowmask.png
  artifactKey: Guid(4514f61c7e2934642a34081de1c9cee4) Importer(815301076,1909f56bfc062723c751e8b465ee728b)
Start importing Assets/Scenes/SampleScene/Lightmap-1_comp_shadowmask.png using Guid(4514f61c7e2934642a34081de1c9cee4) Importer(815301076,1909f56bfc062723c751e8b465ee728b)  -> (artifact id: 'f0f13b3cf2d5465979f822a7be187ff3') in 0.012215 seconds
  Import took 0.014804 seconds .

========================================================================
Received Import Request.
  Time since last request: 0.000325 seconds.
  path: Assets/Scenes/SampleScene/Lightmap-15_comp_shadowmask.png
  artifactKey: Guid(53ee9391a4159fe4ba7a56f1a383ca42) Importer(815301076,1909f56bfc062723c751e8b465ee728b)
Start importing Assets/Scenes/SampleScene/Lightmap-15_comp_shadowmask.png using Guid(53ee9391a4159fe4ba7a56f1a383ca42) Importer(815301076,1909f56bfc062723c751e8b465ee728b)  -> (artifact id: 'e5e804d97c08f7fc2f8d3e9656b4a28c') in 0.010769 seconds
  Import took 0.023286 seconds .

========================================================================
Received Import Request.
  Time since last request: 0.000265 seconds.
  path: Assets/Scenes/SampleScene/Lightmap-12_comp_shadowmask.png
  artifactKey: Guid(63492a0e79b2a2e4f829f63f9976d9a3) Importer(815301076,1909f56bfc062723c751e8b465ee728b)
Start importing Assets/Scenes/SampleScene/Lightmap-12_comp_shadowmask.png using Guid(63492a0e79b2a2e4f829f63f9976d9a3) Importer(815301076,1909f56bfc062723c751e8b465ee728b)  -> (artifact id: '9125ec3697dac596108f61f9246f3fc0') in 0.014634 seconds
  Import took 0.016896 seconds .

========================================================================
Received Import Request.
  Time since last request: 0.000305 seconds.
  path: Assets/Scenes/SampleScene/Lightmap-6_comp_shadowmask.png
  artifactKey: Guid(cd3f88ff0791d644eb04f611dc23f967) Importer(815301076,1909f56bfc062723c751e8b465ee728b)
Start importing Assets/Scenes/SampleScene/Lightmap-6_comp_shadowmask.png using Guid(cd3f88ff0791d644eb04f611dc23f967) Importer(815301076,1909f56bfc062723c751e8b465ee728b)  -> (artifact id: '46cfdb4bd6fa0eae57ef439c14da2b9b') in 0.013069 seconds
  Import took 0.015777 seconds .

========================================================================
Received Import Request.
  Time since last request: 0.000311 seconds.
  path: Assets/Scenes/SampleScene/Lightmap-7_comp_dir.png
  artifactKey: Guid(c142afabd10da26448e2eb74262737d3) Importer(815301076,1909f56bfc062723c751e8b465ee728b)
Start importing Assets/Scenes/SampleScene/Lightmap-7_comp_dir.png using Guid(c142afabd10da26448e2eb74262737d3) Importer(815301076,1909f56bfc062723c751e8b465ee728b)  -> (artifact id: '1b24e679e6d36af2f5bdb55f139a32ac') in 0.016917 seconds
  Import took 0.019332 seconds .

========================================================================
Received Import Request.
  Time since last request: 0.000298 seconds.
  path: Assets/Scenes/SampleScene/Lightmap-8_comp_dir.png
  artifactKey: Guid(ee736dc79b7db3646b9169c75a4b83a5) Importer(815301076,1909f56bfc062723c751e8b465ee728b)
Start importing Assets/Scenes/SampleScene/Lightmap-8_comp_dir.png using Guid(ee736dc79b7db3646b9169c75a4b83a5) Importer(815301076,1909f56bfc062723c751e8b465ee728b)  -> (artifact id: '3b1f2bf6e728023057ea672a32b217c3') in 0.014537 seconds
  Import took 0.017194 seconds .

========================================================================
Received Import Request.
  Time since last request: 0.000301 seconds.
  path: Assets/Scenes/SampleScene/Lightmap-6_comp_dir.png
  artifactKey: Guid(e514129d18558244aa7b6af7625b96fb) Importer(815301076,1909f56bfc062723c751e8b465ee728b)
Start importing Assets/Scenes/SampleScene/Lightmap-6_comp_dir.png using Guid(e514129d18558244aa7b6af7625b96fb) Importer(815301076,1909f56bfc062723c751e8b465ee728b)  -> (artifact id: '9e3a1153397ad6418c215850dd60c9b7') in 0.014753 seconds
  Import took 0.017138 seconds .

========================================================================
Received Import Request.
  Time since last request: 0.000376 seconds.
  path: Assets/Scenes/SampleScene/Lightmap-8_comp_light.exr
  artifactKey: Guid(f0fd876e566fceb498bd13e1d116f6be) Importer(815301076,1909f56bfc062723c751e8b465ee728b)
Start importing Assets/Scenes/SampleScene/Lightmap-8_comp_light.exr using Guid(f0fd876e566fceb498bd13e1d116f6be) Importer(815301076,1909f56bfc062723c751e8b465ee728b)  -> (artifact id: '8a1ceea6553751c84fea8d7aa6b1511d') in 0.012411 seconds
  Import took 0.015996 seconds .

========================================================================
Received Import Request.
  Time since last request: 0.000605 seconds.
  path: Assets/Scenes/SampleScene/Lightmap-1_comp_light.exr
  artifactKey: Guid(40d7612f76b8a4249b55cbab0f4742ad) Importer(815301076,1909f56bfc062723c751e8b465ee728b)
Start importing Assets/Scenes/SampleScene/Lightmap-1_comp_light.exr using Guid(40d7612f76b8a4249b55cbab0f4742ad) Importer(815301076,1909f56bfc062723c751e8b465ee728b)  -> (artifact id: 'aaf6d06ad023a4376d9b8d8c63c93946') in 0.013325 seconds
  Import took 0.016537 seconds .

========================================================================
Received Import Request.
  Time since last request: 0.000227 seconds.
  path: Assets/Scenes/SampleScene/Lightmap-12_comp_light.exr
  artifactKey: Guid(88bcb7bef430fdb468f63b510cd8b079) Importer(815301076,1909f56bfc062723c751e8b465ee728b)
Start importing Assets/Scenes/SampleScene/Lightmap-12_comp_light.exr using Guid(88bcb7bef430fdb468f63b510cd8b079) Importer(815301076,1909f56bfc062723c751e8b465ee728b)  -> (artifact id: 'ae7458db6efd48fb7151142146daf6c8') in 0.018722 seconds
  Import took 0.028624 seconds .

========================================================================
Received Import Request.
  Time since last request: 0.000335 seconds.
  path: Assets/Scenes/SampleScene/Lightmap-13_comp_light.exr
  artifactKey: Guid(0b643dd37d059a64bb2c04aec47ad7fc) Importer(815301076,1909f56bfc062723c751e8b465ee728b)
Start importing Assets/Scenes/SampleScene/Lightmap-13_comp_light.exr using Guid(0b643dd37d059a64bb2c04aec47ad7fc) Importer(815301076,1909f56bfc062723c751e8b465ee728b)  -> (artifact id: 'd6cae80335303ecfe1f65d109f9382de') in 0.015123 seconds
  Import took 0.017618 seconds .

========================================================================
Received Import Request.
  Time since last request: 0.000274 seconds.
  path: Assets/Scenes/SampleScene/Lightmap-15_comp_dir.png
  artifactKey: Guid(d7ea638d5d9c21a4a9b08506edeccd17) Importer(815301076,1909f56bfc062723c751e8b465ee728b)
Start importing Assets/Scenes/SampleScene/Lightmap-15_comp_dir.png using Guid(d7ea638d5d9c21a4a9b08506edeccd17) Importer(815301076,1909f56bfc062723c751e8b465ee728b)  -> (artifact id: '69da15ecc95957eb6cdf92610f9c30d2') in 0.014260 seconds
  Import took 0.016711 seconds .

========================================================================
Received Import Request.
  Time since last request: 0.000282 seconds.
  path: Assets/Scenes/SampleScene/Lightmap-9_comp_shadowmask.png
  artifactKey: Guid(1b0dab4777a0af44398533690983f68f) Importer(815301076,1909f56bfc062723c751e8b465ee728b)
Start importing Assets/Scenes/SampleScene/Lightmap-9_comp_shadowmask.png using Guid(1b0dab4777a0af44398533690983f68f) Importer(815301076,1909f56bfc062723c751e8b465ee728b)  -> (artifact id: 'eeb38b94745b6d21b12b5560641a1c94') in 0.016110 seconds
  Import took 0.018286 seconds .

========================================================================
Received Import Request.
  Time since last request: 0.000289 seconds.
  path: Assets/Scenes/SampleScene/Lightmap-7_comp_light.exr
  artifactKey: Guid(2951de25b9450c343b517f8311309b8a) Importer(815301076,1909f56bfc062723c751e8b465ee728b)
Start importing Assets/Scenes/SampleScene/Lightmap-7_comp_light.exr using Guid(2951de25b9450c343b517f8311309b8a) Importer(815301076,1909f56bfc062723c751e8b465ee728b)  -> (artifact id: '9db6d4d18616caf5034dc3ba41718b5a') in 0.013347 seconds
  Import took 0.021164 seconds .

========================================================================
Received Import Request.
  Time since last request: 0.000297 seconds.
  path: Assets/Scenes/SampleScene/Lightmap-10_comp_dir.png
  artifactKey: Guid(2a4656584e922a942ac678ca445af9ec) Importer(815301076,1909f56bfc062723c751e8b465ee728b)
Start importing Assets/Scenes/SampleScene/Lightmap-10_comp_dir.png using Guid(2a4656584e922a942ac678ca445af9ec) Importer(815301076,1909f56bfc062723c751e8b465ee728b)  -> (artifact id: '3f5665d86216ca1635349fa989523516') in 0.010774 seconds
  Import took 0.013519 seconds .

========================================================================
Received Import Request.
  Time since last request: 0.000307 seconds.
  path: Assets/Scenes/SampleScene/Lightmap-8_comp_shadowmask.png
  artifactKey: Guid(29cb2ba61f0f09d4282c10dda1aed497) Importer(815301076,1909f56bfc062723c751e8b465ee728b)
Start importing Assets/Scenes/SampleScene/Lightmap-8_comp_shadowmask.png using Guid(29cb2ba61f0f09d4282c10dda1aed497) Importer(815301076,1909f56bfc062723c751e8b465ee728b)  -> (artifact id: '9a901b51206b3582d748e7c23fdb78db') in 0.012586 seconds
  Import took 0.015166 seconds .

========================================================================
Received Import Request.
  Time since last request: 0.000546 seconds.
  path: Assets/Scenes/SampleScene/Lightmap-3_comp_dir.png
  artifactKey: Guid(37896ebb3d9a95e4584bda2402a257bd) Importer(815301076,1909f56bfc062723c751e8b465ee728b)
Start importing Assets/Scenes/SampleScene/Lightmap-3_comp_dir.png using Guid(37896ebb3d9a95e4584bda2402a257bd) Importer(815301076,1909f56bfc062723c751e8b465ee728b)  -> (artifact id: '289adc0021b8d9ada6518a34448670c2') in 0.012796 seconds
  Import took 0.015449 seconds .

========================================================================
Received Import Request.
  Time since last request: 0.000386 seconds.
  path: Assets/Scenes/SampleScene/Lightmap-11_comp_shadowmask.png
  artifactKey: Guid(72c532c431288bc428127e86dba93c44) Importer(815301076,1909f56bfc062723c751e8b465ee728b)
Start importing Assets/Scenes/SampleScene/Lightmap-11_comp_shadowmask.png using Guid(72c532c431288bc428127e86dba93c44) Importer(815301076,1909f56bfc062723c751e8b465ee728b)  -> (artifact id: '49c51705921416df7360ab27552ad99e') in 0.011509 seconds
  Import took 0.018675 seconds .

========================================================================
Received Import Request.
  Time since last request: 0.000307 seconds.
  path: Assets/Scenes/SampleScene/Lightmap-13_comp_shadowmask.png
  artifactKey: Guid(0d0dc288d5ec2994093310e3e499bab5) Importer(815301076,1909f56bfc062723c751e8b465ee728b)
Start importing Assets/Scenes/SampleScene/Lightmap-13_comp_shadowmask.png using Guid(0d0dc288d5ec2994093310e3e499bab5) Importer(815301076,1909f56bfc062723c751e8b465ee728b)  -> (artifact id: 'c3d2f43bc7ffd1c13da4c14691fd5a64') in 0.012413 seconds
  Import took 0.015847 seconds .

========================================================================
Received Import Request.
  Time since last request: 0.000320 seconds.
  path: Assets/Scenes/SampleScene/Lightmap-9_comp_light.exr
  artifactKey: Guid(dbad1a2df7d1a5c4588aca8435517b77) Importer(815301076,1909f56bfc062723c751e8b465ee728b)
Start importing Assets/Scenes/SampleScene/Lightmap-9_comp_light.exr using Guid(dbad1a2df7d1a5c4588aca8435517b77) Importer(815301076,1909f56bfc062723c751e8b465ee728b)  -> (artifact id: '672dfef04348d547332ecdedfa3b2852') in 0.010699 seconds
  Import took 0.013539 seconds .

========================================================================
Received Import Request.
  Time since last request: 0.000255 seconds.
  path: Assets/Scenes/SampleScene/Lightmap-7_comp_shadowmask.png
  artifactKey: Guid(f833f8df8c6951f4aa88dd78bcaeb9b7) Importer(815301076,1909f56bfc062723c751e8b465ee728b)
Start importing Assets/Scenes/SampleScene/Lightmap-7_comp_shadowmask.png using Guid(f833f8df8c6951f4aa88dd78bcaeb9b7) Importer(815301076,1909f56bfc062723c751e8b465ee728b)  -> (artifact id: 'dcb1a64238d3eda9eaa78db1b01baf9b') in 0.011950 seconds
  Import took 0.014855 seconds .

========================================================================
Received Import Request.
  Time since last request: 0.000269 seconds.
  path: Assets/Scenes/SampleScene/Lightmap-14_comp_dir.png
  artifactKey: Guid(1d1667cde4778864d92bdce7d1c3399c) Importer(815301076,1909f56bfc062723c751e8b465ee728b)
Start importing Assets/Scenes/SampleScene/Lightmap-14_comp_dir.png using Guid(1d1667cde4778864d92bdce7d1c3399c) Importer(815301076,1909f56bfc062723c751e8b465ee728b)  -> (artifact id: '11fd21f1a19bffe53750e50c64acaaa3') in 0.012626 seconds
  Import took 0.014810 seconds .

========================================================================
Received Import Request.
  Time since last request: 0.000275 seconds.
  path: Assets/Scenes/SampleScene/Lightmap-0_comp_shadowmask.png
  artifactKey: Guid(db12f324b79d0544e90646ee5169ad14) Importer(815301076,1909f56bfc062723c751e8b465ee728b)
Start importing Assets/Scenes/SampleScene/Lightmap-0_comp_shadowmask.png using Guid(db12f324b79d0544e90646ee5169ad14) Importer(815301076,1909f56bfc062723c751e8b465ee728b)  -> (artifact id: '28566c4d21f6ac178b699ee42314860d') in 0.015436 seconds
  Import took 0.018007 seconds .

========================================================================
Received Import Request.
  Time since last request: 0.000386 seconds.
  path: Assets/Scenes/SampleScene/Lightmap-1_comp_dir.png
  artifactKey: Guid(b599c00a9fa7cb14eb82dd0f50181123) Importer(815301076,1909f56bfc062723c751e8b465ee728b)
Start importing Assets/Scenes/SampleScene/Lightmap-1_comp_dir.png using Guid(b599c00a9fa7cb14eb82dd0f50181123) Importer(815301076,1909f56bfc062723c751e8b465ee728b)  -> (artifact id: 'cebbe5385d566e4866c10ecf5d6f9106') in 0.012212 seconds
  Import took 0.014616 seconds .

========================================================================
Received Import Request.
  Time since last request: 0.000318 seconds.
  path: Assets/Scenes/SampleScene/Lightmap-11_comp_dir.png
  artifactKey: Guid(84db6b805e278e84ba5fc74b6c906afa) Importer(815301076,1909f56bfc062723c751e8b465ee728b)
Start importing Assets/Scenes/SampleScene/Lightmap-11_comp_dir.png using Guid(84db6b805e278e84ba5fc74b6c906afa) Importer(815301076,1909f56bfc062723c751e8b465ee728b)  -> (artifact id: 'a3001d7050dd5634f82028a4489b9e3e') in 0.013975 seconds
  Import took 0.016597 seconds .

========================================================================
Received Import Request.
  Time since last request: 0.000236 seconds.
  path: Assets/Scenes/SampleScene/Lightmap-10_comp_shadowmask.png
  artifactKey: Guid(aee6f4856d74a344cacd27e755fb2c91) Importer(815301076,1909f56bfc062723c751e8b465ee728b)
Start importing Assets/Scenes/SampleScene/Lightmap-10_comp_shadowmask.png using Guid(aee6f4856d74a344cacd27e755fb2c91) Importer(815301076,1909f56bfc062723c751e8b465ee728b)  -> (artifact id: 'b20b78ea58b635d3b8c875f47e77e53e') in 0.014980 seconds
  Import took 0.017783 seconds .

========================================================================
Received Import Request.
  Time since last request: 0.000262 seconds.
  path: Assets/Scenes/SampleScene/ReflectionProbe-0.exr
  artifactKey: Guid(753ac250deaed2648b7cbac22796e331) Importer(815301076,1909f56bfc062723c751e8b465ee728b)
Start importing Assets/Scenes/SampleScene/ReflectionProbe-0.exr using Guid(753ac250deaed2648b7cbac22796e331) Importer(815301076,1909f56bfc062723c751e8b465ee728b)  -> (artifact id: 'b861c9ab7309045f58696be068723dc4') in 0.047946 seconds
  Import took 0.050412 seconds .

========================================================================
Received Import Request.
  Time since last request: 0.000267 seconds.
  path: Assets/Scenes/SampleScene/Lightmap-6_comp_light.exr
  artifactKey: Guid(a4733c9fa4ce58b4da863f7a617ea5d0) Importer(815301076,1909f56bfc062723c751e8b465ee728b)
Start importing Assets/Scenes/SampleScene/Lightmap-6_comp_light.exr using Guid(a4733c9fa4ce58b4da863f7a617ea5d0) Importer(815301076,1909f56bfc062723c751e8b465ee728b)  -> (artifact id: 'ab8d9fe5f2e88413e42f776d3a298a2a') in 0.013600 seconds
  Import took 0.016293 seconds .

========================================================================
Received Import Request.
  Time since last request: 35.990340 seconds.
  path: Assets/Scenes/GameOver.unity
  artifactKey: Guid(49355a18d0c56f744a4024460eb86e16) Importer(815301076,1909f56bfc062723c751e8b465ee728b)
Start importing Assets/Scenes/GameOver.unity using Guid(49355a18d0c56f744a4024460eb86e16) Importer(815301076,1909f56bfc062723c751e8b465ee728b)  -> (artifact id: '4f8dbadb5cff01eb5f0161d841b88c5b') in 0.002628 seconds
  Import took 0.005465 seconds .

========================================================================
Received Prepare
Registering precompiled user dll's ...
Registered in 0.002357 seconds.
Begin MonoManager ReloadAssembly
Native extension for WindowsStandalone target not found
Refreshing native plugins compatible for Editor in 0.32 ms, found 2 plugins.
Preloading 0 native plugins for Editor in 0.00 ms.
Mono: successfully reloaded assembly
- Completed reload, in  0.810 seconds
Platform modules already initialized, skipping
Shader 'WFX/Transparent Diffuse': fallback shader 'Particles/Alpha Blended' not found
Shader 'WFX/Transparent Specular': fallback shader 'Particles/Alpha Blended' not found
Refreshing native plugins compatible for Editor in 0.34 ms, found 2 plugins.
Preloading 0 native plugins for Editor in 0.00 ms.
Unloading 1410 Unused Serialized files (Serialized files now loaded: 0)
System memory in use before: 72.0 MB.
System memory in use after: 72.1 MB.

Unloading 14 unused Assets to reduce memory usage. Loaded Objects now: 1912.
Total: 1.998400 ms (FindLiveObjects: 0.139000 ms CreateObjectMapping: 0.038600 ms MarkObjects: 1.776600 ms  DeleteObjects: 0.043400 ms)

========================================================================
Received Prepare
Registering precompiled user dll's ...
Registered in 0.002364 seconds.
Begin MonoManager ReloadAssembly
Native extension for WindowsStandalone target not found
Refreshing native plugins compatible for Editor in 0.33 ms, found 2 plugins.
Preloading 0 native plugins for Editor in 0.00 ms.
Mono: successfully reloaded assembly
- Completed reload, in  0.837 seconds
Platform modules already initialized, skipping
Shader 'WFX/Transparent Diffuse': fallback shader 'Particles/Alpha Blended' not found
Shader 'WFX/Transparent Specular': fallback shader 'Particles/Alpha Blended' not found
Refreshing native plugins compatible for Editor in 0.34 ms, found 2 plugins.
Preloading 0 native plugins for Editor in 0.00 ms.
Unloading 1410 Unused Serialized files (Serialized files now loaded: 0)
System memory in use before: 72.0 MB.
System memory in use after: 72.1 MB.

Unloading 14 unused Assets to reduce memory usage. Loaded Objects now: 1915.
Total: 1.824900 ms (FindLiveObjects: 0.116100 ms CreateObjectMapping: 0.034500 ms MarkObjects: 1.631100 ms  DeleteObjects: 0.042400 ms)

========================================================================
Received Import Request.
  Time since last request: 685.744024 seconds.
  path: Assets/Scenes/SampleScene.unity
  artifactKey: Guid(9fc0d4010bbf28b4594072e72b8655ab) Importer(815301076,1909f56bfc062723c751e8b465ee728b)
Start importing Assets/Scenes/SampleScene.unity using Guid(9fc0d4010bbf28b4594072e72b8655ab) Importer(815301076,1909f56bfc062723c751e8b465ee728b)  -> (artifact id: '57e7f8cb9365595aa6036e134e9fedfa') in 0.019066 seconds
  Import took 0.022109 seconds .

========================================================================
Received Prepare
Registering precompiled user dll's ...
Registered in 0.002455 seconds.
Begin MonoManager ReloadAssembly
Native extension for WindowsStandalone target not found
Refreshing native plugins compatible for Editor in 0.33 ms, found 2 plugins.
Preloading 0 native plugins for Editor in 0.00 ms.
Mono: successfully reloaded assembly
- Completed reload, in  0.875 seconds
Platform modules already initialized, skipping
Shader 'WFX/Transparent Diffuse': fallback shader 'Particles/Alpha Blended' not found
Shader 'WFX/Transparent Specular': fallback shader 'Particles/Alpha Blended' not found
Refreshing native plugins compatible for Editor in 0.36 ms, found 2 plugins.
Preloading 0 native plugins for Editor in 0.00 ms.
Unloading 1410 Unused Serialized files (Serialized files now loaded: 0)
System memory in use before: 72.1 MB.
System memory in use after: 72.1 MB.

Unloading 14 unused Assets to reduce memory usage. Loaded Objects now: 1918.
Total: 1.869500 ms (FindLiveObjects: 0.125600 ms CreateObjectMapping: 0.037500 ms MarkObjects: 1.650900 ms  DeleteObjects: 0.054500 ms)

========================================================================
Received Prepare
Registering precompiled user dll's ...
Registered in 0.002371 seconds.
Begin MonoManager ReloadAssembly
Native extension for WindowsStandalone target not found
Refreshing native plugins compatible for Editor in 0.33 ms, found 2 plugins.
Preloading 0 native plugins for Editor in 0.00 ms.
Mono: successfully reloaded assembly
- Completed reload, in  0.852 seconds
Platform modules already initialized, skipping
Shader 'WFX/Transparent Diffuse': fallback shader 'Particles/Alpha Blended' not found
Shader 'WFX/Transparent Specular': fallback shader 'Particles/Alpha Blended' not found
Refreshing native plugins compatible for Editor in 0.33 ms, found 2 plugins.
Preloading 0 native plugins for Editor in 0.00 ms.
Unloading 1410 Unused Serialized files (Serialized files now loaded: 0)
System memory in use before: 72.1 MB.
System memory in use after: 72.2 MB.

Unloading 14 unused Assets to reduce memory usage. Loaded Objects now: 1921.
Total: 1.793900 ms (FindLiveObjects: 0.146400 ms CreateObjectMapping: 0.039700 ms MarkObjects: 1.560400 ms  DeleteObjects: 0.046400 ms)

========================================================================
Received Import Request.
  Time since last request: 415.330109 seconds.
  path: Assets/machine-gun-01.mp3
  artifactKey: Guid(eb4ca2f93313cca4cb3ce2480bed2a02) Importer(815301076,1909f56bfc062723c751e8b465ee728b)
Start importing Assets/machine-gun-01.mp3 using Guid(eb4ca2f93313cca4cb3ce2480bed2a02) Importer(815301076,1909f56bfc062723c751e8b465ee728b)  -> (artifact id: 'cd7fb337048d95df06ca2dc45263184f') in 0.049845 seconds
  Import took 0.071566 seconds .

========================================================================
Received Prepare
Registering precompiled user dll's ...
Registered in 0.002516 seconds.
Begin MonoManager ReloadAssembly
Native extension for WindowsStandalone target not found
Refreshing native plugins compatible for Editor in 0.37 ms, found 2 plugins.
Preloading 0 native plugins for Editor in 0.00 ms.
Mono: successfully reloaded assembly
- Completed reload, in  0.876 seconds
Platform modules already initialized, skipping
Shader 'WFX/Transparent Diffuse': fallback shader 'Particles/Alpha Blended' not found
Shader 'WFX/Transparent Specular': fallback shader 'Particles/Alpha Blended' not found
Refreshing native plugins compatible for Editor in 0.33 ms, found 2 plugins.
Preloading 0 native plugins for Editor in 0.00 ms.
Unloading 1410 Unused Serialized files (Serialized files now loaded: 0)
System memory in use before: 72.1 MB.
System memory in use after: 72.2 MB.

Unloading 14 unused Assets to reduce memory usage. Loaded Objects now: 1927.
Total: 1.675200 ms (FindLiveObjects: 0.130100 ms CreateObjectMapping: 0.035600 ms MarkObjects: 1.462500 ms  DeleteObjects: 0.045900 ms)

========================================================================
Received Prepare
Registering precompiled user dll's ...
Registered in 0.002350 seconds.
Begin MonoManager ReloadAssembly
Native extension for WindowsStandalone target not found
Refreshing native plugins compatible for Editor in 0.35 ms, found 2 plugins.
Preloading 0 native plugins for Editor in 0.00 ms.
Mono: successfully reloaded assembly
- Completed reload, in  0.858 seconds
Platform modules already initialized, skipping
Shader 'WFX/Transparent Diffuse': fallback shader 'Particles/Alpha Blended' not found
Shader 'WFX/Transparent Specular': fallback shader 'Particles/Alpha Blended' not found
Refreshing native plugins compatible for Editor in 0.33 ms, found 2 plugins.
Preloading 0 native plugins for Editor in 0.00 ms.
Unloading 1410 Unused Serialized files (Serialized files now loaded: 0)
System memory in use before: 72.1 MB.
System memory in use after: 72.2 MB.

Unloading 14 unused Assets to reduce memory usage. Loaded Objects now: 1930.
Total: 2.053600 ms (FindLiveObjects: 0.142100 ms CreateObjectMapping: 0.036200 ms MarkObjects: 1.823000 ms  DeleteObjects: 0.051400 ms)

========================================================================
Received Prepare
Registering precompiled user dll's ...
Registered in 0.002469 seconds.
Begin MonoManager ReloadAssembly
Native extension for WindowsStandalone target not found
Refreshing native plugins compatible for Editor in 0.33 ms, found 2 plugins.
Preloading 0 native plugins for Editor in 0.00 ms.
Mono: successfully reloaded assembly
- Completed reload, in  0.821 seconds
Platform modules already initialized, skipping
Shader 'WFX/Transparent Diffuse': fallback shader 'Particles/Alpha Blended' not found
Shader 'WFX/Transparent Specular': fallback shader 'Particles/Alpha Blended' not found
Refreshing native plugins compatible for Editor in 0.33 ms, found 2 plugins.
Preloading 0 native plugins for Editor in 0.00 ms.
Unloading 1410 Unused Serialized files (Serialized files now loaded: 0)
System memory in use before: 72.1 MB.
System memory in use after: 72.2 MB.

Unloading 14 unused Assets to reduce memory usage. Loaded Objects now: 1933.
Total: 1.847500 ms (FindLiveObjects: 0.118200 ms CreateObjectMapping: 0.035600 ms MarkObjects: 1.650100 ms  DeleteObjects: 0.042800 ms)

========================================================================
Received Prepare
Registering precompiled user dll's ...
Registered in 0.002477 seconds.
Begin MonoManager ReloadAssembly
Native extension for WindowsStandalone target not found
Refreshing native plugins compatible for Editor in 0.34 ms, found 2 plugins.
Preloading 0 native plugins for Editor in 0.00 ms.
Mono: successfully reloaded assembly
- Completed reload, in  0.858 seconds
Platform modules already initialized, skipping
Shader 'WFX/Transparent Diffuse': fallback shader 'Particles/Alpha Blended' not found
Shader 'WFX/Transparent Specular': fallback shader 'Particles/Alpha Blended' not found
Refreshing native plugins compatible for Editor in 0.35 ms, found 2 plugins.
Preloading 0 native plugins for Editor in 0.00 ms.
Unloading 1410 Unused Serialized files (Serialized files now loaded: 0)
System memory in use before: 72.2 MB.
System memory in use after: 72.2 MB.

Unloading 14 unused Assets to reduce memory usage. Loaded Objects now: 1936.
Total: 1.889600 ms (FindLiveObjects: 0.125900 ms CreateObjectMapping: 0.038900 ms MarkObjects: 1.677800 ms  DeleteObjects: 0.045900 ms)

========================================================================
Received Prepare
Registering precompiled user dll's ...
Registered in 0.002553 seconds.
Begin MonoManager ReloadAssembly
Native extension for WindowsStandalone target not found
Refreshing native plugins compatible for Editor in 0.33 ms, found 2 plugins.
Preloading 0 native plugins for Editor in 0.00 ms.
Mono: successfully reloaded assembly
- Completed reload, in  0.834 seconds
Platform modules already initialized, skipping
Shader 'WFX/Transparent Diffuse': fallback shader 'Particles/Alpha Blended' not found
Shader 'WFX/Transparent Specular': fallback shader 'Particles/Alpha Blended' not found
Refreshing native plugins compatible for Editor in 0.35 ms, found 2 plugins.
Preloading 0 native plugins for Editor in 0.00 ms.
Unloading 1410 Unused Serialized files (Serialized files now loaded: 0)
System memory in use before: 72.2 MB.
System memory in use after: 72.2 MB.

Unloading 14 unused Assets to reduce memory usage. Loaded Objects now: 1939.
Total: 1.933300 ms (FindLiveObjects: 0.154400 ms CreateObjectMapping: 0.036000 ms MarkObjects: 1.691800 ms  DeleteObjects: 0.050000 ms)

========================================================================
Received Prepare
Registering precompiled user dll's ...
Registered in 0.002565 seconds.
Begin MonoManager ReloadAssembly
Native extension for WindowsStandalone target not found
Refreshing native plugins compatible for Editor in 0.33 ms, found 2 plugins.
Preloading 0 native plugins for Editor in 0.00 ms.
Mono: successfully reloaded assembly
- Completed reload, in  0.821 seconds
Platform modules already initialized, skipping
Shader 'WFX/Transparent Diffuse': fallback shader 'Particles/Alpha Blended' not found
Shader 'WFX/Transparent Specular': fallback shader 'Particles/Alpha Blended' not found
Refreshing native plugins compatible for Editor in 0.33 ms, found 2 plugins.
Preloading 0 native plugins for Editor in 0.00 ms.
Unloading 1410 Unused Serialized files (Serialized files now loaded: 0)
System memory in use before: 72.2 MB.
System memory in use after: 72.3 MB.

Unloading 14 unused Assets to reduce memory usage. Loaded Objects now: 1942.
Total: 1.819800 ms (FindLiveObjects: 0.125100 ms CreateObjectMapping: 0.037300 ms MarkObjects: 1.610400 ms  DeleteObjects: 0.046000 ms)

========================================================================
Received Import Request.
  Time since last request: 481.759863 seconds.
  path: Assets/shoot.wav
  artifactKey: Guid(7caa7f7afaa88314f831648c25c0449a) Importer(815301076,1909f56bfc062723c751e8b465ee728b)
Start importing Assets/shoot.wav using Guid(7caa7f7afaa88314f831648c25c0449a) Importer(815301076,1909f56bfc062723c751e8b465ee728b)  -> (artifact id: 'd51b0942fbe528aecf244a851d9c7a3a') in 0.059051 seconds
  Import took 0.095700 seconds .

========================================================================
Received Prepare
Registering precompiled user dll's ...
Registered in 0.002827 seconds.
Begin MonoManager ReloadAssembly
Native extension for WindowsStandalone target not found
Refreshing native plugins compatible for Editor in 0.37 ms, found 2 plugins.
Preloading 0 native plugins for Editor in 0.00 ms.
Mono: successfully reloaded assembly
- Completed reload, in  0.841 seconds
Platform modules already initialized, skipping
Shader 'WFX/Transparent Diffuse': fallback shader 'Particles/Alpha Blended' not found
Shader 'WFX/Transparent Specular': fallback shader 'Particles/Alpha Blended' not found
Refreshing native plugins compatible for Editor in 0.33 ms, found 2 plugins.
Preloading 0 native plugins for Editor in 0.00 ms.
Unloading 1410 Unused Serialized files (Serialized files now loaded: 0)
System memory in use before: 72.2 MB.
System memory in use after: 72.3 MB.

Unloading 14 unused Assets to reduce memory usage. Loaded Objects now: 1946.
Total: 2.109500 ms (FindLiveObjects: 0.146300 ms CreateObjectMapping: 0.045600 ms MarkObjects: 1.858600 ms  DeleteObjects: 0.058000 ms)

========================================================================
Received Import Request.
  Time since last request: 194.846041 seconds.
  path: Assets/preview.mp3
  artifactKey: Guid(1daaed75320f8fa4abb3a2def48efc9a) Importer(815301076,1909f56bfc062723c751e8b465ee728b)
Start importing Assets/preview.mp3 using Guid(1daaed75320f8fa4abb3a2def48efc9a) Importer(815301076,1909f56bfc062723c751e8b465ee728b)  -> (artifact id: '0eb31c772ed2f959e00f7c9ad65a68bc') in 0.049765 seconds
  Import took 0.052336 seconds .

========================================================================
Received Prepare
Registering precompiled user dll's ...
Registered in 0.002446 seconds.
Begin MonoManager ReloadAssembly
Native extension for WindowsStandalone target not found
Refreshing native plugins compatible for Editor in 0.35 ms, found 2 plugins.
Preloading 0 native plugins for Editor in 0.00 ms.
Mono: successfully reloaded assembly
- Completed reload, in  0.890 seconds
Platform modules already initialized, skipping
Shader 'WFX/Transparent Diffuse': fallback shader 'Particles/Alpha Blended' not found
Shader 'WFX/Transparent Specular': fallback shader 'Particles/Alpha Blended' not found
Refreshing native plugins compatible for Editor in 0.36 ms, found 2 plugins.
Preloading 0 native plugins for Editor in 0.00 ms.
Unloading 1410 Unused Serialized files (Serialized files now loaded: 0)
System memory in use before: 72.2 MB.
System memory in use after: 72.3 MB.

Unloading 14 unused Assets to reduce memory usage. Loaded Objects now: 1950.
Total: 1.936100 ms (FindLiveObjects: 0.134700 ms CreateObjectMapping: 0.039100 ms MarkObjects: 1.712300 ms  DeleteObjects: 0.049000 ms)

========================================================================
Received Prepare
Registering precompiled user dll's ...
Registered in 0.002446 seconds.
Begin MonoManager ReloadAssembly
Native extension for WindowsStandalone target not found
Refreshing native plugins compatible for Editor in 0.34 ms, found 2 plugins.
Preloading 0 native plugins for Editor in 0.00 ms.
Mono: successfully reloaded assembly
- Completed reload, in  0.870 seconds
Platform modules already initialized, skipping
Shader 'WFX/Transparent Diffuse': fallback shader 'Particles/Alpha Blended' not found
Shader 'WFX/Transparent Specular': fallback shader 'Particles/Alpha Blended' not found
Refreshing native plugins compatible for Editor in 0.38 ms, found 2 plugins.
Preloading 0 native plugins for Editor in 0.00 ms.
Unloading 1410 Unused Serialized files (Serialized files now loaded: 0)
System memory in use before: 72.2 MB.
System memory in use after: 72.3 MB.

Unloading 14 unused Assets to reduce memory usage. Loaded Objects now: 1953.
Total: 2.083400 ms (FindLiveObjects: 0.156100 ms CreateObjectMapping: 0.044000 ms MarkObjects: 1.832300 ms  DeleteObjects: 0.049800 ms)

========================================================================
Received Prepare
Registering precompiled user dll's ...
Registered in 0.002771 seconds.
Begin MonoManager ReloadAssembly
Native extension for WindowsStandalone target not found
Refreshing native plugins compatible for Editor in 0.33 ms, found 2 plugins.
Preloading 0 native plugins for Editor in 0.00 ms.
Mono: successfully reloaded assembly
- Completed reload, in  0.816 seconds
Platform modules already initialized, skipping
Shader 'WFX/Transparent Diffuse': fallback shader 'Particles/Alpha Blended' not found
Shader 'WFX/Transparent Specular': fallback shader 'Particles/Alpha Blended' not found
Refreshing native plugins compatible for Editor in 0.33 ms, found 2 plugins.
Preloading 0 native plugins for Editor in 0.00 ms.
Unloading 1410 Unused Serialized files (Serialized files now loaded: 0)
System memory in use before: 72.2 MB.
System memory in use after: 72.3 MB.

Unloading 14 unused Assets to reduce memory usage. Loaded Objects now: 1956.
Total: 1.730100 ms (FindLiveObjects: 0.128700 ms CreateObjectMapping: 0.037600 ms MarkObjects: 1.518600 ms  DeleteObjects: 0.044400 ms)

========================================================================
Received Prepare
Registering precompiled user dll's ...
Registered in 0.002452 seconds.
Begin MonoManager ReloadAssembly
Native extension for WindowsStandalone target not found
Refreshing native plugins compatible for Editor in 0.85 ms, found 2 plugins.
Preloading 0 native plugins for Editor in 0.00 ms.
Mono: successfully reloaded assembly
- Completed reload, in  0.869 seconds
Platform modules already initialized, skipping
Shader 'WFX/Transparent Diffuse': fallback shader 'Particles/Alpha Blended' not found
Shader 'WFX/Transparent Specular': fallback shader 'Particles/Alpha Blended' not found
Refreshing native plugins compatible for Editor in 0.33 ms, found 2 plugins.
Preloading 0 native plugins for Editor in 0.00 ms.
Unloading 1410 Unused Serialized files (Serialized files now loaded: 0)
System memory in use before: 72.2 MB.
System memory in use after: 72.3 MB.

Unloading 14 unused Assets to reduce memory usage. Loaded Objects now: 1959.
Total: 1.847900 ms (FindLiveObjects: 0.141900 ms CreateObjectMapping: 0.036000 ms MarkObjects: 1.621500 ms  DeleteObjects: 0.047700 ms)

========================================================================
Received Prepare
Registering precompiled user dll's ...
Registered in 0.003044 seconds.
Begin MonoManager ReloadAssembly
Native extension for WindowsStandalone target not found
Refreshing native plugins compatible for Editor in 0.34 ms, found 2 plugins.
Preloading 0 native plugins for Editor in 0.00 ms.
Mono: successfully reloaded assembly
- Completed reload, in  0.819 seconds
Platform modules already initialized, skipping
Shader 'WFX/Transparent Diffuse': fallback shader 'Particles/Alpha Blended' not found
Shader 'WFX/Transparent Specular': fallback shader 'Particles/Alpha Blended' not found
Refreshing native plugins compatible for Editor in 0.35 ms, found 2 plugins.
Preloading 0 native plugins for Editor in 0.00 ms.
Unloading 1410 Unused Serialized files (Serialized files now loaded: 0)
System memory in use before: 72.2 MB.
System memory in use after: 72.3 MB.

Unloading 14 unused Assets to reduce memory usage. Loaded Objects now: 1962.
Total: 1.885600 ms (FindLiveObjects: 0.146100 ms CreateObjectMapping: 0.035500 ms MarkObjects: 1.653300 ms  DeleteObjects: 0.049800 ms)

========================================================================
Received Import Request.
  Time since last request: 502.231281 seconds.
  path: Assets/Knife-Stab-A11-www.fesliyanstudios.com.mp3
  artifactKey: Guid(92c7a034fe99a7d4c889b0499695a99e) Importer(815301076,1909f56bfc062723c751e8b465ee728b)
Start importing Assets/Knife-Stab-A11-www.fesliyanstudios.com.mp3 using Guid(92c7a034fe99a7d4c889b0499695a99e) Importer(815301076,1909f56bfc062723c751e8b465ee728b)  -> (artifact id: 'dcc849f14091f91bfef9ddbad0714949') in 0.055021 seconds
  Import took 0.057312 seconds .

========================================================================
Received Prepare
Registering precompiled user dll's ...
Registered in 0.002399 seconds.
Begin MonoManager ReloadAssembly
Native extension for WindowsStandalone target not found
Refreshing native plugins compatible for Editor in 0.33 ms, found 2 plugins.
Preloading 0 native plugins for Editor in 0.00 ms.
Mono: successfully reloaded assembly
- Completed reload, in  0.861 seconds
Platform modules already initialized, skipping
Shader 'WFX/Transparent Diffuse': fallback shader 'Particles/Alpha Blended' not found
Shader 'WFX/Transparent Specular': fallback shader 'Particles/Alpha Blended' not found
Refreshing native plugins compatible for Editor in 0.33 ms, found 2 plugins.
Preloading 0 native plugins for Editor in 0.00 ms.
Unloading 1410 Unused Serialized files (Serialized files now loaded: 0)
System memory in use before: 72.2 MB.
System memory in use after: 72.3 MB.

Unloading 14 unused Assets to reduce memory usage. Loaded Objects now: 1966.
Total: 1.702900 ms (FindLiveObjects: 0.122600 ms CreateObjectMapping: 0.035200 ms MarkObjects: 1.499600 ms  DeleteObjects: 0.044600 ms)

========================================================================
Received Prepare
Registering precompiled user dll's ...
Registered in 0.002423 seconds.
Begin MonoManager ReloadAssembly
Native extension for WindowsStandalone target not found
Refreshing native plugins compatible for Editor in 0.33 ms, found 2 plugins.
Preloading 0 native plugins for Editor in 0.00 ms.
Mono: successfully reloaded assembly
- Completed reload, in  0.858 seconds
Platform modules already initialized, skipping
Shader 'WFX/Transparent Diffuse': fallback shader 'Particles/Alpha Blended' not found
Shader 'WFX/Transparent Specular': fallback shader 'Particles/Alpha Blended' not found
Refreshing native plugins compatible for Editor in 0.37 ms, found 2 plugins.
Preloading 0 native plugins for Editor in 0.00 ms.
Unloading 1410 Unused Serialized files (Serialized files now loaded: 0)
System memory in use before: 72.2 MB.
System memory in use after: 72.3 MB.

Unloading 14 unused Assets to reduce memory usage. Loaded Objects now: 1969.
Total: 1.836900 ms (FindLiveObjects: 0.123800 ms CreateObjectMapping: 0.038500 ms MarkObjects: 1.625900 ms  DeleteObjects: 0.047300 ms)

========================================================================
Received Import Request.
  Time since last request: 108.191870 seconds.
  path: Assets/Scenes/StartMenu.unity
  artifactKey: Guid(f31419f64480fd04da8ba7ef3163f6e0) Importer(815301076,1909f56bfc062723c751e8b465ee728b)
Start importing Assets/Scenes/StartMenu.unity using Guid(f31419f64480fd04da8ba7ef3163f6e0) Importer(815301076,1909f56bfc062723c751e8b465ee728b)  -> (artifact id: '148906e255a9cf66b06908c475a7de64') in 0.020520 seconds
  Import took 0.022788 seconds .

========================================================================
Received Prepare
Registering precompiled user dll's ...
Registered in 0.002550 seconds.
Begin MonoManager ReloadAssembly
Native extension for WindowsStandalone target not found
Refreshing native plugins compatible for Editor in 0.33 ms, found 2 plugins.
Preloading 0 native plugins for Editor in 0.00 ms.
Mono: successfully reloaded assembly
- Completed reload, in  0.837 seconds
Platform modules already initialized, skipping
Shader 'WFX/Transparent Diffuse': fallback shader 'Particles/Alpha Blended' not found
Shader 'WFX/Transparent Specular': fallback shader 'Particles/Alpha Blended' not found
Refreshing native plugins compatible for Editor in 0.36 ms, found 2 plugins.
Preloading 0 native plugins for Editor in 0.00 ms.
Unloading 1410 Unused Serialized files (Serialized files now loaded: 0)
System memory in use before: 72.2 MB.
System memory in use after: 72.3 MB.

Unloading 14 unused Assets to reduce memory usage. Loaded Objects now: 1972.
Total: 1.900400 ms (FindLiveObjects: 0.123200 ms CreateObjectMapping: 0.034600 ms MarkObjects: 1.690900 ms  DeleteObjects: 0.050800 ms)

========================================================================
Received Prepare
Registering precompiled user dll's ...
Registered in 0.002501 seconds.
Begin MonoManager ReloadAssembly
Native extension for WindowsStandalone target not found
Refreshing native plugins compatible for Editor in 0.33 ms, found 2 plugins.
Preloading 0 native plugins for Editor in 0.00 ms.
Mono: successfully reloaded assembly
- Completed reload, in  0.820 seconds
Platform modules already initialized, skipping
Shader 'WFX/Transparent Diffuse': fallback shader 'Particles/Alpha Blended' not found
Shader 'WFX/Transparent Specular': fallback shader 'Particles/Alpha Blended' not found
Refreshing native plugins compatible for Editor in 0.33 ms, found 2 plugins.
Preloading 0 native plugins for Editor in 0.00 ms.
Unloading 1410 Unused Serialized files (Serialized files now loaded: 0)
System memory in use before: 72.3 MB.
System memory in use after: 72.3 MB.

Unloading 14 unused Assets to reduce memory usage. Loaded Objects now: 1975.
Total: 1.894400 ms (FindLiveObjects: 0.120100 ms CreateObjectMapping: 0.035300 ms MarkObjects: 1.690700 ms  DeleteObjects: 0.047400 ms)

========================================================================
Received Import Request.
  Time since last request: 86.927745 seconds.
  path: Assets/Scenes/SampleScene.unity
  artifactKey: Guid(9fc0d4010bbf28b4594072e72b8655ab) Importer(815301076,1909f56bfc062723c751e8b465ee728b)
Start importing Assets/Scenes/SampleScene.unity using Guid(9fc0d4010bbf28b4594072e72b8655ab) Importer(815301076,1909f56bfc062723c751e8b465ee728b)  -> (artifact id: '828073c65ddb643883c74b0c9b4621cd') in 0.011082 seconds
  Import took 0.013483 seconds .

========================================================================
Received Import Request.
  Time since last request: 26.514693 seconds.
  path: Assets/Scenes/StartMenu.unity
  artifactKey: Guid(f31419f64480fd04da8ba7ef3163f6e0) Importer(815301076,1909f56bfc062723c751e8b465ee728b)
Start importing Assets/Scenes/StartMenu.unity using Guid(f31419f64480fd04da8ba7ef3163f6e0) Importer(815301076,1909f56bfc062723c751e8b465ee728b)  -> (artifact id: '5b4c2d0dd2773648e08f57419da9a802') in 0.002320 seconds
  Import took 0.005615 seconds .

========================================================================
Received Import Request.
  Time since last request: 0.001055 seconds.
  path: Assets/Scenes/StartMenu.unity
  artifactKey: Guid(f31419f64480fd04da8ba7ef3163f6e0) Importer(815301076,1909f56bfc062723c751e8b465ee728b)
Start importing Assets/Scenes/StartMenu.unity using Guid(f31419f64480fd04da8ba7ef3163f6e0) Importer(815301076,1909f56bfc062723c751e8b465ee728b)  -> (artifact id: '5b4c2d0dd2773648e08f57419da9a802') in 0.002728 seconds
  Import took 0.005034 seconds .

========================================================================
Received Prepare
Shader 'WFX/Transparent Diffuse': fallback shader 'Particles/Alpha Blended' not found
Shader 'WFX/Transparent Specular': fallback shader 'Particles/Alpha Blended' not found
Refreshing native plugins compatible for Editor in 2.60 ms, found 2 plugins.
Preloading 0 native plugins for Editor in 0.00 ms.
Unloading 12 Unused Serialized files (Serialized files now loaded: 0)
System memory in use before: 44.6 MB.
System memory in use after: 44.7 MB.

Unloading 12 unused Assets to reduce memory usage. Loaded Objects now: 1975.
Total: 2.761000 ms (FindLiveObjects: 0.188100 ms CreateObjectMapping: 0.094900 ms MarkObjects: 2.412600 ms  DeleteObjects: 0.064500 ms)

========================================================================
Received Prepare
Registering precompiled user dll's ...
Registered in 0.002683 seconds.
Begin MonoManager ReloadAssembly
Native extension for WindowsStandalone target not found
Refreshing native plugins compatible for Editor in 0.33 ms, found 2 plugins.
Preloading 0 native plugins for Editor in 0.00 ms.
Mono: successfully reloaded assembly
- Completed reload, in  0.898 seconds
Platform modules already initialized, skipping
Shader 'WFX/Transparent Diffuse': fallback shader 'Particles/Alpha Blended' not found
Shader 'WFX/Transparent Specular': fallback shader 'Particles/Alpha Blended' not found
Refreshing native plugins compatible for Editor in 0.36 ms, found 2 plugins.
Preloading 0 native plugins for Editor in 0.00 ms.
Unloading 1410 Unused Serialized files (Serialized files now loaded: 0)
System memory in use before: 72.8 MB.
System memory in use after: 72.8 MB.

Unloading 14 unused Assets to reduce memory usage. Loaded Objects now: 1978.
Total: 1.883500 ms (FindLiveObjects: 0.143900 ms CreateObjectMapping: 0.040100 ms MarkObjects: 1.646500 ms  DeleteObjects: 0.051800 ms)

========================================================================
Received Import Request.
  Time since last request: 828.174704 seconds.
  path: Assets/Scenes/SampleScene.unity
  artifactKey: Guid(9fc0d4010bbf28b4594072e72b8655ab) Importer(815301076,1909f56bfc062723c751e8b465ee728b)
Start importing Assets/Scenes/SampleScene.unity using Guid(9fc0d4010bbf28b4594072e72b8655ab) Importer(815301076,1909f56bfc062723c751e8b465ee728b)  -> (artifact id: 'ac7ee6efb8f45aab19bd818ed5ce6aed') in 0.011567 seconds
  Import took 0.013870 seconds .

========================================================================
Received Import Request.
  Time since last request: 0.000705 seconds.
  path: Assets/Scenes/SampleScene.unity
  artifactKey: Guid(9fc0d4010bbf28b4594072e72b8655ab) Importer(815301076,1909f56bfc062723c751e8b465ee728b)
Start importing Assets/Scenes/SampleScene.unity using Guid(9fc0d4010bbf28b4594072e72b8655ab) Importer(815301076,1909f56bfc062723c751e8b465ee728b)  -> (artifact id: 'ac7ee6efb8f45aab19bd818ed5ce6aed') in 0.001610 seconds
  Import took 0.003784 seconds .

========================================================================
Received Import Request.
  Time since last request: 497.613410 seconds.
  path: Assets/Weapons_ChamferZone/AKM/WPN_AKM.controller
  artifactKey: Guid(4fa64d7a0d9bb9c4a80b730690c3cf50) Importer(815301076,1909f56bfc062723c751e8b465ee728b)
Start importing Assets/Weapons_ChamferZone/AKM/WPN_AKM.controller using Guid(4fa64d7a0d9bb9c4a80b730690c3cf50) Importer(815301076,1909f56bfc062723c751e8b465ee728b)  -> (artifact id: '1c4d99dd11f0390311f38bdaf49142db') in 0.008983 seconds
  Import took 0.012153 seconds .

========================================================================
Received Import Request.
  Time since last request: 0.000999 seconds.
  path: Assets/Weapons_ChamferZone/AKM/WPN_AKM.controller
  artifactKey: Guid(4fa64d7a0d9bb9c4a80b730690c3cf50) Importer(815301076,1909f56bfc062723c751e8b465ee728b)
Start importing Assets/Weapons_ChamferZone/AKM/WPN_AKM.controller using Guid(4fa64d7a0d9bb9c4a80b730690c3cf50) Importer(815301076,1909f56bfc062723c751e8b465ee728b)  -> (artifact id: '1c4d99dd11f0390311f38bdaf49142db') in 0.001841 seconds
  Import took 0.004535 seconds .

========================================================================
Received Prepare
Registering precompiled user dll's ...
Registered in 0.002420 seconds.
Begin MonoManager ReloadAssembly
Native extension for WindowsStandalone target not found
Refreshing native plugins compatible for Editor in 0.33 ms, found 2 plugins.
Preloading 0 native plugins for Editor in 0.00 ms.
Mono: successfully reloaded assembly
- Completed reload, in  0.888 seconds
Platform modules already initialized, skipping
Shader 'WFX/Transparent Diffuse': fallback shader 'Particles/Alpha Blended' not found
Shader 'WFX/Transparent Specular': fallback shader 'Particles/Alpha Blended' not found
Refreshing native plugins compatible for Editor in 0.33 ms, found 2 plugins.
Preloading 0 native plugins for Editor in 0.00 ms.
Unloading 1410 Unused Serialized files (Serialized files now loaded: 0)
System memory in use before: 72.8 MB.
System memory in use after: 72.9 MB.

Unloading 14 unused Assets to reduce memory usage. Loaded Objects now: 1981.
Total: 1.979400 ms (FindLiveObjects: 0.149500 ms CreateObjectMapping: 0.036600 ms MarkObjects: 1.740000 ms  DeleteObjects: 0.052300 ms)

========================================================================
Received Prepare
Registering precompiled user dll's ...
Registered in 0.002414 seconds.
Begin MonoManager ReloadAssembly
Native extension for WindowsStandalone target not found
Refreshing native plugins compatible for Editor in 0.35 ms, found 2 plugins.
Preloading 0 native plugins for Editor in 0.00 ms.
Mono: successfully reloaded assembly
- Completed reload, in  0.850 seconds
Platform modules already initialized, skipping
Shader 'WFX/Transparent Diffuse': fallback shader 'Particles/Alpha Blended' not found
Shader 'WFX/Transparent Specular': fallback shader 'Particles/Alpha Blended' not found
Refreshing native plugins compatible for Editor in 0.33 ms, found 2 plugins.
Preloading 0 native plugins for Editor in 0.00 ms.
Unloading 1410 Unused Serialized files (Serialized files now loaded: 0)
System memory in use before: 72.8 MB.
System memory in use after: 72.9 MB.

Unloading 14 unused Assets to reduce memory usage. Loaded Objects now: 1984.
Total: 1.906300 ms (FindLiveObjects: 0.144800 ms CreateObjectMapping: 0.038300 ms MarkObjects: 1.670800 ms  DeleteObjects: 0.051300 ms)

========================================================================
Received Prepare
Registering precompiled user dll's ...
Registered in 0.002370 seconds.
Begin MonoManager ReloadAssembly
Native extension for WindowsStandalone target not found
Refreshing native plugins compatible for Editor in 0.34 ms, found 2 plugins.
Preloading 0 native plugins for Editor in 0.00 ms.
Mono: successfully reloaded assembly
- Completed reload, in  0.830 seconds
Platform modules already initialized, skipping
Shader 'WFX/Transparent Diffuse': fallback shader 'Particles/Alpha Blended' not found
Shader 'WFX/Transparent Specular': fallback shader 'Particles/Alpha Blended' not found
Refreshing native plugins compatible for Editor in 0.35 ms, found 2 plugins.
Preloading 0 native plugins for Editor in 0.00 ms.
Unloading 1410 Unused Serialized files (Serialized files now loaded: 0)
System memory in use before: 72.8 MB.
System memory in use after: 72.9 MB.

Unloading 14 unused Assets to reduce memory usage. Loaded Objects now: 1987.
Total: 1.848400 ms (FindLiveObjects: 0.127300 ms CreateObjectMapping: 0.035700 ms MarkObjects: 1.637200 ms  DeleteObjects: 0.047200 ms)

========================================================================
Received Prepare
Registering precompiled user dll's ...
Registered in 0.003779 seconds.
Begin MonoManager ReloadAssembly
Native extension for WindowsStandalone target not found
Refreshing native plugins compatible for Editor in 0.50 ms, found 2 plugins.
Preloading 0 native plugins for Editor in 0.00 ms.
Mono: successfully reloaded assembly
- Completed reload, in  1.127 seconds
Platform modules already initialized, skipping
Shader 'WFX/Transparent Diffuse': fallback shader 'Particles/Alpha Blended' not found
Shader 'WFX/Transparent Specular': fallback shader 'Particles/Alpha Blended' not found
Refreshing native plugins compatible for Editor in 0.83 ms, found 2 plugins.
Preloading 0 native plugins for Editor in 0.00 ms.
Unloading 1410 Unused Serialized files (Serialized files now loaded: 0)
System memory in use before: 72.8 MB.
System memory in use after: 72.9 MB.

Unloading 14 unused Assets to reduce memory usage. Loaded Objects now: 1990.
Total: 2.065900 ms (FindLiveObjects: 0.206100 ms CreateObjectMapping: 0.051200 ms MarkObjects: 1.749200 ms  DeleteObjects: 0.057400 ms)

========================================================================
Received Prepare
Registering precompiled user dll's ...
Registered in 0.002469 seconds.
Begin MonoManager ReloadAssembly
Native extension for WindowsStandalone target not found
Refreshing native plugins compatible for Editor in 0.63 ms, found 2 plugins.
Preloading 0 native plugins for Editor in 0.00 ms.
Mono: successfully reloaded assembly
- Completed reload, in  0.913 seconds
Platform modules already initialized, skipping
Shader 'WFX/Transparent Diffuse': fallback shader 'Particles/Alpha Blended' not found
Shader 'WFX/Transparent Specular': fallback shader 'Particles/Alpha Blended' not found
Refreshing native plugins compatible for Editor in 0.39 ms, found 2 plugins.
Preloading 0 native plugins for Editor in 0.00 ms.
Unloading 1410 Unused Serialized files (Serialized files now loaded: 0)
System memory in use before: 72.8 MB.
System memory in use after: 72.9 MB.

Unloading 14 unused Assets to reduce memory usage. Loaded Objects now: 1993.
Total: 1.888500 ms (FindLiveObjects: 0.149100 ms CreateObjectMapping: 0.084000 ms MarkObjects: 1.602800 ms  DeleteObjects: 0.051300 ms)

========================================================================
Received Prepare
Registering precompiled user dll's ...
Registered in 0.002442 seconds.
Begin MonoManager ReloadAssembly
Native extension for WindowsStandalone target not found
Refreshing native plugins compatible for Editor in 0.42 ms, found 2 plugins.
Preloading 0 native plugins for Editor in 0.00 ms.
Mono: successfully reloaded assembly
- Completed reload, in  0.849 seconds
Platform modules already initialized, skipping
Shader 'WFX/Transparent Diffuse': fallback shader 'Particles/Alpha Blended' not found
Shader 'WFX/Transparent Specular': fallback shader 'Particles/Alpha Blended' not found
Refreshing native plugins compatible for Editor in 0.34 ms, found 2 plugins.
Preloading 0 native plugins for Editor in 0.00 ms.
Unloading 1410 Unused Serialized files (Serialized files now loaded: 0)
System memory in use before: 72.8 MB.
System memory in use after: 72.9 MB.

Unloading 14 unused Assets to reduce memory usage. Loaded Objects now: 1996.
Total: 2.079000 ms (FindLiveObjects: 0.171400 ms CreateObjectMapping: 0.044400 ms MarkObjects: 1.807600 ms  DeleteObjects: 0.054500 ms)

========================================================================
Received Prepare
Registering precompiled user dll's ...
Registered in 0.003396 seconds.
Begin MonoManager ReloadAssembly
Native extension for WindowsStandalone target not found
Refreshing native plugins compatible for Editor in 0.33 ms, found 2 plugins.
Preloading 0 native plugins for Editor in 0.00 ms.
Mono: successfully reloaded assembly
- Completed reload, in  0.850 seconds
Platform modules already initialized, skipping
Shader 'WFX/Transparent Diffuse': fallback shader 'Particles/Alpha Blended' not found
Shader 'WFX/Transparent Specular': fallback shader 'Particles/Alpha Blended' not found
Refreshing native plugins compatible for Editor in 0.36 ms, found 2 plugins.
Preloading 0 native plugins for Editor in 0.00 ms.
Unloading 1410 Unused Serialized files (Serialized files now loaded: 0)
System memory in use before: 72.8 MB.
System memory in use after: 72.9 MB.

Unloading 14 unused Assets to reduce memory usage. Loaded Objects now: 1999.
Total: 1.874300 ms (FindLiveObjects: 0.133500 ms CreateObjectMapping: 0.037400 ms MarkObjects: 1.655100 ms  DeleteObjects: 0.047400 ms)

========================================================================
Received Prepare
Registering precompiled user dll's ...
Registered in 0.002455 seconds.
Begin MonoManager ReloadAssembly
Native extension for WindowsStandalone target not found
Refreshing native plugins compatible for Editor in 0.36 ms, found 2 plugins.
Preloading 0 native plugins for Editor in 0.00 ms.
Mono: successfully reloaded assembly
- Completed reload, in  0.835 seconds
Platform modules already initialized, skipping
Shader 'WFX/Transparent Diffuse': fallback shader 'Particles/Alpha Blended' not found
Shader 'WFX/Transparent Specular': fallback shader 'Particles/Alpha Blended' not found
Refreshing native plugins compatible for Editor in 0.34 ms, found 2 plugins.
Preloading 0 native plugins for Editor in 0.00 ms.
Unloading 1410 Unused Serialized files (Serialized files now loaded: 0)
System memory in use before: 72.8 MB.
System memory in use after: 72.9 MB.

Unloading 14 unused Assets to reduce memory usage. Loaded Objects now: 2002.
Total: 1.890000 ms (FindLiveObjects: 0.128100 ms CreateObjectMapping: 0.036000 ms MarkObjects: 1.678800 ms  DeleteObjects: 0.046300 ms)

========================================================================
Received Prepare
Shader 'WFX/Transparent Diffuse': fallback shader 'Particles/Alpha Blended' not found
Shader 'WFX/Transparent Specular': fallback shader 'Particles/Alpha Blended' not found
Refreshing native plugins compatible for Editor in 3.78 ms, found 2 plugins.
Preloading 0 native plugins for Editor in 0.00 ms.
Unloading 12 Unused Serialized files (Serialized files now loaded: 0)
System memory in use before: 45.1 MB.
System memory in use after: 45.2 MB.

Unloading 12 unused Assets to reduce memory usage. Loaded Objects now: 2002.
Total: 3.524100 ms (FindLiveObjects: 0.857700 ms CreateObjectMapping: 0.180200 ms MarkObjects: 2.417400 ms  DeleteObjects: 0.066900 ms)

========================================================================
Received Prepare
Registering precompiled user dll's ...
Registered in 0.002405 seconds.
Begin MonoManager ReloadAssembly
Native extension for WindowsStandalone target not found
Refreshing native plugins compatible for Editor in 0.33 ms, found 2 plugins.
Preloading 0 native plugins for Editor in 0.00 ms.
Mono: successfully reloaded assembly
- Completed reload, in  0.857 seconds
Platform modules already initialized, skipping
Shader 'WFX/Transparent Diffuse': fallback shader 'Particles/Alpha Blended' not found
Shader 'WFX/Transparent Specular': fallback shader 'Particles/Alpha Blended' not found
Refreshing native plugins compatible for Editor in 0.33 ms, found 2 plugins.
Preloading 0 native plugins for Editor in 0.00 ms.
Unloading 1410 Unused Serialized files (Serialized files now loaded: 0)
System memory in use before: 72.8 MB.
System memory in use after: 72.9 MB.

Unloading 14 unused Assets to reduce memory usage. Loaded Objects now: 2005.
Total: 1.815200 ms (FindLiveObjects: 0.149500 ms CreateObjectMapping: 0.037200 ms MarkObjects: 1.580500 ms  DeleteObjects: 0.047100 ms)

========================================================================
Received Prepare
Registering precompiled user dll's ...
Registered in 0.002473 seconds.
Begin MonoManager ReloadAssembly
Native extension for WindowsStandalone target not found
Refreshing native plugins compatible for Editor in 0.33 ms, found 2 plugins.
Preloading 0 native plugins for Editor in 0.00 ms.
Mono: successfully reloaded assembly
- Completed reload, in  0.825 seconds
Platform modules already initialized, skipping
Shader 'WFX/Transparent Diffuse': fallback shader 'Particles/Alpha Blended' not found
Shader 'WFX/Transparent Specular': fallback shader 'Particles/Alpha Blended' not found
Refreshing native plugins compatible for Editor in 0.35 ms, found 2 plugins.
Preloading 0 native plugins for Editor in 0.00 ms.
Unloading 1410 Unused Serialized files (Serialized files now loaded: 0)
System memory in use before: 72.8 MB.
System memory in use after: 72.9 MB.

Unloading 14 unused Assets to reduce memory usage. Loaded Objects now: 2008.
Total: 1.845200 ms (FindLiveObjects: 0.139900 ms CreateObjectMapping: 0.042100 ms MarkObjects: 1.617900 ms  DeleteObjects: 0.044300 ms)

========================================================================
Received Prepare
Shader 'WFX/Transparent Diffuse': fallback shader 'Particles/Alpha Blended' not found
Shader 'WFX/Transparent Specular': fallback shader 'Particles/Alpha Blended' not found
Refreshing native plugins compatible for Editor in 2.35 ms, found 2 plugins.
Preloading 0 native plugins for Editor in 0.00 ms.
Unloading 12 Unused Serialized files (Serialized files now loaded: 0)
System memory in use before: 45.2 MB.
System memory in use after: 45.2 MB.

Unloading 12 unused Assets to reduce memory usage. Loaded Objects now: 2008.
Total: 3.337100 ms (FindLiveObjects: 0.186000 ms CreateObjectMapping: 0.051400 ms MarkObjects: 3.026700 ms  DeleteObjects: 0.071800 ms)

========================================================================
Received Prepare
Registering precompiled user dll's ...
Registered in 0.003356 seconds.
Begin MonoManager ReloadAssembly
Native extension for WindowsStandalone target not found
Refreshing native plugins compatible for Editor in 0.34 ms, found 2 plugins.
Preloading 0 native plugins for Editor in 0.00 ms.
Mono: successfully reloaded assembly
- Completed reload, in  0.819 seconds
Platform modules already initialized, skipping
Shader 'WFX/Transparent Specular': fallback shader 'Particles/Alpha Blended' not found
Shader 'WFX/Transparent Diffuse': fallback shader 'Particles/Alpha Blended' not found
Refreshing native plugins compatible for Editor in 0.34 ms, found 2 plugins.
Preloading 0 native plugins for Editor in 0.00 ms.
Unloading 1410 Unused Serialized files (Serialized files now loaded: 0)
System memory in use before: 72.8 MB.
System memory in use after: 72.9 MB.

Unloading 14 unused Assets to reduce memory usage. Loaded Objects now: 2011.
Total: 1.680400 ms (FindLiveObjects: 0.137100 ms CreateObjectMapping: 0.041300 ms MarkObjects: 1.449200 ms  DeleteObjects: 0.051700 ms)

========================================================================
Received Prepare
Shader 'WFX/Transparent Specular': fallback shader 'Particles/Alpha Blended' not found
Shader 'WFX/Transparent Diffuse': fallback shader 'Particles/Alpha Blended' not found
Refreshing native plugins compatible for Editor in 2.69 ms, found 2 plugins.
Preloading 0 native plugins for Editor in 0.00 ms.
Unloading 12 Unused Serialized files (Serialized files now loaded: 0)
System memory in use before: 45.2 MB.
System memory in use after: 45.2 MB.

Unloading 12 unused Assets to reduce memory usage. Loaded Objects now: 2011.
Total: 4.155000 ms (FindLiveObjects: 0.299600 ms CreateObjectMapping: 0.056000 ms MarkObjects: 3.332000 ms  DeleteObjects: 0.461200 ms)

========================================================================
Received Prepare
Registering precompiled user dll's ...
Registered in 0.002427 seconds.
Begin MonoManager ReloadAssembly
Native extension for WindowsStandalone target not found
Refreshing native plugins compatible for Editor in 0.34 ms, found 2 plugins.
Preloading 0 native plugins for Editor in 0.00 ms.
Mono: successfully reloaded assembly
- Completed reload, in  0.836 seconds
Platform modules already initialized, skipping
Shader 'WFX/Transparent Specular': fallback shader 'Particles/Alpha Blended' not found
Shader 'WFX/Transparent Diffuse': fallback shader 'Particles/Alpha Blended' not found
Refreshing native plugins compatible for Editor in 0.35 ms, found 2 plugins.
Preloading 0 native plugins for Editor in 0.00 ms.
Unloading 1410 Unused Serialized files (Serialized files now loaded: 0)
System memory in use before: 72.8 MB.
System memory in use after: 72.9 MB.

Unloading 14 unused Assets to reduce memory usage. Loaded Objects now: 2014.
Total: 1.822200 ms (FindLiveObjects: 0.165700 ms CreateObjectMapping: 0.053600 ms MarkObjects: 1.552400 ms  DeleteObjects: 0.049600 ms)

========================================================================
Received Prepare
Registering precompiled user dll's ...
Registered in 0.002386 seconds.
Begin MonoManager ReloadAssembly
Native extension for WindowsStandalone target not found
Refreshing native plugins compatible for Editor in 0.32 ms, found 2 plugins.
Preloading 0 native plugins for Editor in 0.00 ms.
Mono: successfully reloaded assembly
- Completed reload, in  1.044 seconds
Platform modules already initialized, skipping
Switching build target platform(19) subTarget(0) extendedPlatform(0) -> platform(13) subTarget(537395200) extendedPlatform(0)
Shader 'WFX/Transparent Specular': fallback shader 'Particles/Alpha Blended' not found
Shader 'WFX/Transparent Diffuse': fallback shader 'Particles/Alpha Blended' not found
Refreshing native plugins compatible for Editor in 0.33 ms, found 2 plugins.
Preloading 0 native plugins for Editor in 0.00 ms.
Unloading 1414 Unused Serialized files (Serialized files now loaded: 0)
System memory in use before: 71.6 MB.
System memory in use after: 71.7 MB.

Unloading 14 unused Assets to reduce memory usage. Loaded Objects now: 2017.
Total: 1.910900 ms (FindLiveObjects: 0.158000 ms CreateObjectMapping: 0.037600 ms MarkObjects: 1.665300 ms  DeleteObjects: 0.049200 ms)

AssetImportParameters requested are different than current active one (requested -> active):
  custom:graphics/normal-map-encoding: 01000000000000000000000000000000 -> 02000000000000000000000000000000
========================================================================
Received Prepare
Shader 'WFX/Transparent Specular': fallback shader 'Particles/Alpha Blended' not found
Shader 'WFX/Transparent Diffuse': fallback shader 'Particles/Alpha Blended' not found
Refreshing native plugins compatible for Editor in 2.00 ms, found 2 plugins.
Preloading 0 native plugins for Editor in 0.00 ms.
Unloading 12 Unused Serialized files (Serialized files now loaded: 0)
System memory in use before: 43.9 MB.
System memory in use after: 43.9 MB.

Unloading 12 unused Assets to reduce memory usage. Loaded Objects now: 2017.
Total: 2.052400 ms (FindLiveObjects: 0.145500 ms CreateObjectMapping: 0.036800 ms MarkObjects: 1.825000 ms  DeleteObjects: 0.044300 ms)

========================================================================
Received Prepare
Shader 'WFX/Transparent Specular': fallback shader 'Particles/Alpha Blended' not found
Shader 'WFX/Transparent Diffuse': fallback shader 'Particles/Alpha Blended' not found
Refreshing native plugins compatible for Editor in 1.98 ms, found 2 plugins.
Preloading 0 native plugins for Editor in 0.00 ms.
Unloading 12 Unused Serialized files (Serialized files now loaded: 0)
System memory in use before: 43.9 MB.
System memory in use after: 43.9 MB.

Unloading 12 unused Assets to reduce memory usage. Loaded Objects now: 2017.
Total: 1.999900 ms (FindLiveObjects: 0.144500 ms CreateObjectMapping: 0.039000 ms MarkObjects: 1.776200 ms  DeleteObjects: 0.039500 ms)

========================================================================
Received Prepare
Registering precompiled user dll's ...
Registered in 0.002502 seconds.
Begin MonoManager ReloadAssembly
Native extension for WindowsStandalone target not found
Refreshing native plugins compatible for Editor in 0.33 ms, found 2 plugins.
Preloading 0 native plugins for Editor in 0.00 ms.
Mono: successfully reloaded assembly
- Completed reload, in  1.042 seconds
Platform modules already initialized, skipping
Switching build target platform(19) subTarget(0) extendedPlatform(0) -> platform(13) subTarget(537395200) extendedPlatform(0)
Shader 'WFX/Transparent Specular': fallback shader 'Particles/Alpha Blended' not found
Shader 'WFX/Transparent Diffuse': fallback shader 'Particles/Alpha Blended' not found
Refreshing native plugins compatible for Editor in 0.32 ms, found 2 plugins.
Preloading 0 native plugins for Editor in 0.00 ms.
Unloading 1414 Unused Serialized files (Serialized files now loaded: 0)
System memory in use before: 71.6 MB.
System memory in use after: 71.7 MB.

Unloading 14 unused Assets to reduce memory usage. Loaded Objects now: 2020.
Total: 1.926200 ms (FindLiveObjects: 0.151400 ms CreateObjectMapping: 0.037200 ms MarkObjects: 1.689000 ms  DeleteObjects: 0.047800 ms)

AssetImportParameters requested are different than current active one (requested -> active):
  custom:graphics/normal-map-encoding: 01000000000000000000000000000000 -> 02000000000000000000000000000000
========================================================================
Received Prepare
Registering precompiled user dll's ...
Registered in 0.003584 seconds.
Begin MonoManager ReloadAssembly
Native extension for WindowsStandalone target not found
Refreshing native plugins compatible for Editor in 0.35 ms, found 2 plugins.
Preloading 0 native plugins for Editor in 0.00 ms.
Mono: successfully reloaded assembly
- Completed reload, in  1.049 seconds
Platform modules already initialized, skipping
Switching build target platform(19) subTarget(0) extendedPlatform(0) -> platform(13) subTarget(537395200) extendedPlatform(0)
Shader 'WFX/Transparent Specular': fallback shader 'Particles/Alpha Blended' not found
Shader 'WFX/Transparent Diffuse': fallback shader 'Particles/Alpha Blended' not found
Refreshing native plugins compatible for Editor in 0.33 ms, found 2 plugins.
Preloading 0 native plugins for Editor in 0.00 ms.
Unloading 1414 Unused Serialized files (Serialized files now loaded: 0)
System memory in use before: 71.6 MB.
System memory in use after: 71.7 MB.

Unloading 14 unused Assets to reduce memory usage. Loaded Objects now: 2023.
Total: 1.824900 ms (FindLiveObjects: 0.143300 ms CreateObjectMapping: 0.041400 ms MarkObjects: 1.593900 ms  DeleteObjects: 0.045300 ms)

AssetImportParameters requested are different than current active one (requested -> active):
  custom:graphics/normal-map-encoding: 01000000000000000000000000000000 -> 02000000000000000000000000000000
AssetImportWorkerClient::OnTransportError - code=2 error=End of file
